
==============================================
  EXTERNAL REPOSITORIES
==============================================

[21:55:04]  Sublime repository already exists. Skipping.
[21:55:04]  Mozilla repository already exists. Skipping.
[21:55:04]  Mozilla pinning already exists. Skipping.
[21:55:04]  Updating apt package lists...
Get:1 http://security.debian.org/debian-security trixie-security InRelease [43.4 kB]
Hit:2 https://mirror.mwt.me/shiftkey-desktop/deb any InRelease
Get:3 http://security.debian.org/debian-security trixie-security/main Sources [184 kB]
Hit:4 https://deb.debian.org/debian trixie InRelease
Hit:5 https://deb.xanmod.org trixie InRelease
Hit:6 https://download.sublimetext.com apt/stable/ InRelease
Get:7 https://deb.debian.org/debian trixie-updates InRelease [47.3 kB]
Get:8 http://security.debian.org/debian-security trixie-security/main amd64 Packages [224 kB]
Get:9 https://deb.debian.org/debian trixie-backports InRelease [54.0 kB]
Get:10 http://security.debian.org/debian-security trixie-security/main Translation-en [135 kB]
Get:11 https://deb.debian.org/debian trixie-backports/main Sources.diff/Index [63.3 kB]
Get:12 https://deb.debian.org/debian trixie-backports/main amd64 Packages.diff/Index [63.3 kB]
Get:13 https://deb.debian.org/debian trixie-backports/main Translation-en.diff/Index [63.3 kB]
Get:14 https://deb.debian.org/debian trixie-backports/main Sources T-2026-07-05-2014.37-F-2026-07-05-1400.49.pdiff [2,409 B]
Get:14 https://deb.debian.org/debian trixie-backports/main Sources T-2026-07-05-2014.37-F-2026-07-05-1400.49.pdiff [2,409 B]
Get:15 https://deb.debian.org/debian trixie-backports/main amd64 Packages T-2026-07-05-2014.37-F-2026-07-05-1400.49.pdiff [1,132 B]
Get:15 https://deb.debian.org/debian trixie-backports/main amd64 Packages T-2026-07-05-2014.37-F-2026-07-05-1400.49.pdiff [1,132 B]
Get:16 https://deb.debian.org/debian trixie-backports/main Translation-en T-2026-07-05-2014.37-F-2026-07-05-1400.49.pdiff [258 B]
Get:16 https://deb.debian.org/debian trixie-backports/main Translation-en T-2026-07-05-2014.37-F-2026-07-05-1400.49.pdiff [258 B]
Get:17 https://packages.mozilla.org/apt mozilla InRelease [1,522 B]
Get:18 https://download.opensuse.org/repositories/home:/celenity/Debian_Unstable  InRelease [1,918 B]
Get:19 https://repo.librewolf.net librewolf InRelease [5,665 B]
Get:20 https://packages.mozilla.org/apt mozilla/main all Packages [5,530 kB]
Get:21 https://packages.mozilla.org/apt mozilla/main amd64 Packages [114 kB]
Fetched 6,534 kB in 3s (2,319 kB/s)
Reading package lists...
[21:55:08]  Package lists updated.
[21:55:08]  Repository setup complete.
